[0m13:15:04.253228 [debug] [MainThread]: Sending event: {'category': 'dbt', 'action': 'invocation', 'label': 'start', 'context': [<snowplow_tracker.self_describing_json.SelfDescribingJson object at 0x737e3dd23550>, <snowplow_tracker.self_describing_json.SelfDescribingJson object at 0x737e3c9e5d20>, <snowplow_tracker.self_describing_json.SelfDescribingJson object at 0x737e3c9e6b00>]}


============================== 13:15:04.273849 | a59c40c6-5b17-4f12-89c9-ec4a77702ceb ==============================
[0m13:15:04.273849 [info ] [MainThread]: Running with dbt=1.8.2
[0m13:15:04.274692 [debug] [MainThread]: running dbt with arguments {'printer_width': '80', 'indirect_selection': 'eager', 'write_json': 'True', 'log_cache_events': 'False', 'partial_parse': 'True', 'cache_selected_only': 'False', 'warn_error': 'None', 'version_check': 'True', 'debug': 'False', 'log_path': 'logs', 'fail_fast': 'False', 'profiles_dir': '../', 'use_colors': 'True', 'use_experimental_parser': 'False', 'no_print': 'None', 'quiet': 'False', 'warn_error_options': 'WarnErrorOptions(include=[], exclude=[])', 'static_parser': 'True', 'introspect': 'True', 'invocation_command': 'dbt init', 'target_path': 'None', 'log_format': 'default', 'send_anonymous_usage_stats': 'True'}
[0m13:16:39.287883 [debug] [MainThread]: Starter project path: /home/osfarias/workspace/workspace_data_engennir/projeto_dw_do_zero/.venv/lib/python3.10/site-packages/dbt/include/starter_project
[0m13:16:39.292095 [info ] [MainThread]: 
Your new dbt project "projeto_dw_do_zero" was created!

For more information on how to configure the profiles.yml file,
please consult the dbt documentation here:

  https://docs.getdbt.com/docs/configure-your-profile

One more thing:

Need help? Don't hesitate to reach out to us via GitHub issues or on Slack:

  https://community.getdbt.com/

Happy modeling!

[0m13:16:39.293062 [info ] [MainThread]: Setting up your profile.
[0m13:19:06.686110 [info ] [MainThread]: Profile projeto_dw_do_zero written to ../profiles.yml using target's profile_template.yml and your supplied values. Run 'dbt debug' to validate the connection.
[0m13:19:06.689763 [debug] [MainThread]: Resource report: {"command_name": "init", "command_success": true, "command_wall_clock_time": 242.5087, "process_user_time": 4.203534, "process_kernel_time": 0.304164, "process_mem_max_rss": "92672", "process_in_blocks": "34376", "process_out_blocks": "21304"}
[0m13:19:06.691913 [debug] [MainThread]: Command `dbt init` succeeded at 13:19:06.691610 after 242.51 seconds
[0m13:19:06.693250 [debug] [MainThread]: Sending event: {'category': 'dbt', 'action': 'invocation', 'label': 'end', 'context': [<snowplow_tracker.self_describing_json.SelfDescribingJson object at 0x737e3dd23550>, <snowplow_tracker.self_describing_json.SelfDescribingJson object at 0x737e3f03ece0>, <snowplow_tracker.self_describing_json.SelfDescribingJson object at 0x737e3f03c940>]}
[0m13:19:06.694553 [debug] [MainThread]: Flushing usage events
